The system is: Linux - 4.19.0-6-amd64 - x86_64
Compiling the C compiler identification source file "CMakeCCompilerId.c" succeeded.
Compiler: /usr/bin/cc 
Build flags: ;-DPRODUCTION;-DSHARED=
Id flags:  

The output was:
0


Compilation of the C compiler identification source "CMakeCCompilerId.c" produced "a.out"

The C compiler identification is GNU, found in "/home/tups/Desktop/kbcb/packages/debian/kbcb-0.0.1/kbcb-0.0.1/obj-x86_64-linux-gnu/CMakeFiles/3.13.4/CompilerIdC/a.out"

Compiling the CXX compiler identification source file "CMakeCXXCompilerId.cpp" succeeded.
Compiler: /usr/bin/c++ 
Build flags: -g;-O2;-fdebug-prefix-map=/home/tups/Desktop/kbcb/packages/debian/kbcb-0.0.1/kbcb-0.0.1=.;-fstack-protector-strong;-Wformat;-Werror=format-security;-Wdate-time;-D_FORTIFY_SOURCE=2
Id flags:  

The output was:
0


Compilation of the CXX compiler identification source "CMakeCXXCompilerId.cpp" produced "a.out"

The CXX compiler identification is GNU, found in "/home/tups/Desktop/kbcb/packages/debian/kbcb-0.0.1/kbcb-0.0.1/obj-x86_64-linux-gnu/CMakeFiles/3.13.4/CompilerIdCXX/a.out"

Determining if the C compiler works passed with the following output:
Change Dir: /home/tups/Desktop/kbcb/packages/debian/kbcb-0.0.1/kbcb-0.0.1/obj-x86_64-linux-gnu/CMakeFiles/CMakeTmp

Run Build Command:"/usr/bin/make" "cmTC_fad13/fast"
make[2]: Entering directory '/home/tups/Desktop/kbcb/packages/debian/kbcb-0.0.1/kbcb-0.0.1/obj-x86_64-linux-gnu/CMakeFiles/CMakeTmp'
/usr/bin/make -f CMakeFiles/cmTC_fad13.dir/build.make CMakeFiles/cmTC_fad13.dir/build
make[3]: Entering directory '/home/tups/Desktop/kbcb/packages/debian/kbcb-0.0.1/kbcb-0.0.1/obj-x86_64-linux-gnu/CMakeFiles/CMakeTmp'
Building C object CMakeFiles/cmTC_fad13.dir/testCCompiler.c.o
/usr/bin/cc   -DPRODUCTION -DSHARED=    -o CMakeFiles/cmTC_fad13.dir/testCCompiler.c.o   -c /home/tups/Desktop/kbcb/packages/debian/kbcb-0.0.1/kbcb-0.0.1/obj-x86_64-linux-gnu/CMakeFiles/CMakeTmp/testCCompiler.c
Linking C executable cmTC_fad13
/usr/bin/cmake -E cmake_link_script CMakeFiles/cmTC_fad13.dir/link.txt --verbose=1
/usr/bin/cc  -DPRODUCTION -DSHARED=   -Wl,-z,relro  -rdynamic CMakeFiles/cmTC_fad13.dir/testCCompiler.c.o  -o cmTC_fad13 
make[3]: Leaving directory '/home/tups/Desktop/kbcb/packages/debian/kbcb-0.0.1/kbcb-0.0.1/obj-x86_64-linux-gnu/CMakeFiles/CMakeTmp'
make[2]: Leaving directory '/home/tups/Desktop/kbcb/packages/debian/kbcb-0.0.1/kbcb-0.0.1/obj-x86_64-linux-gnu/CMakeFiles/CMakeTmp'


Detecting C compiler ABI info compiled with the following output:
Change Dir: /home/tups/Desktop/kbcb/packages/debian/kbcb-0.0.1/kbcb-0.0.1/obj-x86_64-linux-gnu/CMakeFiles/CMakeTmp

Run Build Command:"/usr/bin/make" "cmTC_be452/fast"
make[2]: Entering directory '/home/tups/Desktop/kbcb/packages/debian/kbcb-0.0.1/kbcb-0.0.1/obj-x86_64-linux-gnu/CMakeFiles/CMakeTmp'
/usr/bin/make -f CMakeFiles/cmTC_be452.dir/build.make CMakeFiles/cmTC_be452.dir/build
make[3]: Entering directory '/home/tups/Desktop/kbcb/packages/debian/kbcb-0.0.1/kbcb-0.0.1/obj-x86_64-linux-gnu/CMakeFiles/CMakeTmp'
Building C object CMakeFiles/cmTC_be452.dir/CMakeCCompilerABI.c.o
/usr/bin/cc   -DPRODUCTION -DSHARED=    -o CMakeFiles/cmTC_be452.dir/CMakeCCompilerABI.c.o   -c /usr/share/cmake-3.13/Modules/CMakeCCompilerABI.c
Linking C executable cmTC_be452
/usr/bin/cmake -E cmake_link_script CMakeFiles/cmTC_be452.dir/link.txt --verbose=1
/usr/bin/cc  -DPRODUCTION -DSHARED=   -Wl,-z,relro -v -rdynamic CMakeFiles/cmTC_be452.dir/CMakeCCompilerABI.c.o  -o cmTC_be452 
Using built-in specs.
COLLECT_GCC=/usr/bin/cc
COLLECT_LTO_WRAPPER=/usr/lib/gcc/x86_64-linux-gnu/8/lto-wrapper
OFFLOAD_TARGET_NAMES=nvptx-none
OFFLOAD_TARGET_DEFAULT=1
Target: x86_64-linux-gnu
Configured with: ../src/configure -v --with-pkgversion='Debian 8.3.0-6' --with-bugurl=file:///usr/share/doc/gcc-8/README.Bugs --enable-languages=c,ada,c++,go,brig,d,fortran,objc,obj-c++ --prefix=/usr --with-gcc-major-version-only --program-suffix=-8 --program-prefix=x86_64-linux-gnu- --enable-shared --enable-linker-build-id --libexecdir=/usr/lib --without-included-gettext --enable-threads=posix --libdir=/usr/lib --enable-nls --enable-bootstrap --enable-clocale=gnu --enable-libstdcxx-debug --enable-libstdcxx-time=yes --with-default-libstdcxx-abi=new --enable-gnu-unique-object --disable-vtable-verify --enable-libmpx --enable-plugin --enable-default-pie --with-system-zlib --with-target-system-zlib --enable-objc-gc=auto --enable-multiarch --disable-werror --with-arch-32=i686 --with-abi=m64 --with-multilib-list=m32,m64,mx32 --enable-multilib --with-tune=generic --enable-offload-targets=nvptx-none --without-cuda-driver --enable-checking=release --build=x86_64-linux-gnu --host=x86_64-linux-gnu --target=x86_64-linux-gnu
Thread model: posix
gcc version 8.3.0 (Debian 8.3.0-6) 
COMPILER_PATH=/usr/lib/gcc/x86_64-linux-gnu/8/:/usr/lib/gcc/x86_64-linux-gnu/8/:/usr/lib/gcc/x86_64-linux-gnu/:/usr/lib/gcc/x86_64-linux-gnu/8/:/usr/lib/gcc/x86_64-linux-gnu/
LIBRARY_PATH=/usr/lib/gcc/x86_64-linux-gnu/8/:/usr/lib/gcc/x86_64-linux-gnu/8/../../../x86_64-linux-gnu/:/usr/lib/gcc/x86_64-linux-gnu/8/../../../../lib/:/lib/x86_64-linux-gnu/:/lib/../lib/:/usr/lib/x86_64-linux-gnu/:/usr/lib/../lib/:/usr/lib/gcc/x86_64-linux-gnu/8/../../../:/lib/:/usr/lib/
COLLECT_GCC_OPTIONS='-D' 'PRODUCTION' '-D' 'SHARED=' '-v' '-rdynamic' '-o' 'cmTC_be452' '-mtune=generic' '-march=x86-64'
 /usr/lib/gcc/x86_64-linux-gnu/8/collect2 -plugin /usr/lib/gcc/x86_64-linux-gnu/8/liblto_plugin.so -plugin-opt=/usr/lib/gcc/x86_64-linux-gnu/8/lto-wrapper -plugin-opt=-fresolution=/tmp/ccHOpztS.res -plugin-opt=-pass-through=-lgcc -plugin-opt=-pass-through=-lgcc_s -plugin-opt=-pass-through=-lc -plugin-opt=-pass-through=-lgcc -plugin-opt=-pass-through=-lgcc_s --build-id --eh-frame-hdr -m elf_x86_64 --hash-style=gnu -export-dynamic -dynamic-linker /lib64/ld-linux-x86-64.so.2 -pie -o cmTC_be452 /usr/lib/gcc/x86_64-linux-gnu/8/../../../x86_64-linux-gnu/Scrt1.o /usr/lib/gcc/x86_64-linux-gnu/8/../../../x86_64-linux-gnu/crti.o /usr/lib/gcc/x86_64-linux-gnu/8/crtbeginS.o -L/usr/lib/gcc/x86_64-linux-gnu/8 -L/usr/lib/gcc/x86_64-linux-gnu/8/../../../x86_64-linux-gnu -L/usr/lib/gcc/x86_64-linux-gnu/8/../../../../lib -L/lib/x86_64-linux-gnu -L/lib/../lib -L/usr/lib/x86_64-linux-gnu -L/usr/lib/../lib -L/usr/lib/gcc/x86_64-linux-gnu/8/../../.. -z relro CMakeFiles/cmTC_be452.dir/CMakeCCompilerABI.c.o -lgcc --push-state --as-needed -lgcc_s --pop-state -lc -lgcc --push-state --as-needed -lgcc_s --pop-state /usr/lib/gcc/x86_64-linux-gnu/8/crtendS.o /usr/lib/gcc/x86_64-linux-gnu/8/../../../x86_64-linux-gnu/crtn.o
COLLECT_GCC_OPTIONS='-D' 'PRODUCTION' '-D' 'SHARED=' '-v' '-rdynamic' '-o' 'cmTC_be452' '-mtune=generic' '-march=x86-64'
make[3]: Leaving directory '/home/tups/Desktop/kbcb/packages/debian/kbcb-0.0.1/kbcb-0.0.1/obj-x86_64-linux-gnu/CMakeFiles/CMakeTmp'
make[2]: Leaving directory '/home/tups/Desktop/kbcb/packages/debian/kbcb-0.0.1/kbcb-0.0.1/obj-x86_64-linux-gnu/CMakeFiles/CMakeTmp'


Parsed C implicit link information from above output:
  link line regex: [^( *|.*[/\])(ld|CMAKE_LINK_STARTFILE-NOTFOUND|([^/\]+-)?ld|collect2)[^/\]*( |$)]
  ignore line: [Change Dir: /home/tups/Desktop/kbcb/packages/debian/kbcb-0.0.1/kbcb-0.0.1/obj-x86_64-linux-gnu/CMakeFiles/CMakeTmp]
  ignore line: []
  ignore line: [Run Build Command:"/usr/bin/make" "cmTC_be452/fast"]
  ignore line: [make[2]: Entering directory '/home/tups/Desktop/kbcb/packages/debian/kbcb-0.0.1/kbcb-0.0.1/obj-x86_64-linux-gnu/CMakeFiles/CMakeTmp']
  ignore line: [/usr/bin/make -f CMakeFiles/cmTC_be452.dir/build.make CMakeFiles/cmTC_be452.dir/build]
  ignore line: [make[3]: Entering directory '/home/tups/Desktop/kbcb/packages/debian/kbcb-0.0.1/kbcb-0.0.1/obj-x86_64-linux-gnu/CMakeFiles/CMakeTmp']
  ignore line: [Building C object CMakeFiles/cmTC_be452.dir/CMakeCCompilerABI.c.o]
  ignore line: [/usr/bin/cc   -DPRODUCTION -DSHARED=    -o CMakeFiles/cmTC_be452.dir/CMakeCCompilerABI.c.o   -c /usr/share/cmake-3.13/Modules/CMakeCCompilerABI.c]
  ignore line: [Linking C executable cmTC_be452]
  ignore line: [/usr/bin/cmake -E cmake_link_script CMakeFiles/cmTC_be452.dir/link.txt --verbose=1]
  ignore line: [/usr/bin/cc  -DPRODUCTION -DSHARED=   -Wl,-z,relro -v -rdynamic CMakeFiles/cmTC_be452.dir/CMakeCCompilerABI.c.o  -o cmTC_be452 ]
  ignore line: [Using built-in specs.]
  ignore line: [COLLECT_GCC=/usr/bin/cc]
  ignore line: [COLLECT_LTO_WRAPPER=/usr/lib/gcc/x86_64-linux-gnu/8/lto-wrapper]
  ignore line: [OFFLOAD_TARGET_NAMES=nvptx-none]
  ignore line: [OFFLOAD_TARGET_DEFAULT=1]
  ignore line: [Target: x86_64-linux-gnu]
  ignore line: [Configured with: ../src/configure -v --with-pkgversion='Debian 8.3.0-6' --with-bugurl=file:///usr/share/doc/gcc-8/README.Bugs --enable-languages=c,ada,c++,go,brig,d,fortran,objc,obj-c++ --prefix=/usr --with-gcc-major-version-only --program-suffix=-8 --program-prefix=x86_64-linux-gnu- --enable-shared --enable-linker-build-id --libexecdir=/usr/lib --without-included-gettext --enable-threads=posix --libdir=/usr/lib --enable-nls --enable-bootstrap --enable-clocale=gnu --enable-libstdcxx-debug --enable-libstdcxx-time=yes --with-default-libstdcxx-abi=new --enable-gnu-unique-object --disable-vtable-verify --enable-libmpx --enable-plugin --enable-default-pie --with-system-zlib --with-target-system-zlib --enable-objc-gc=auto --enable-multiarch --disable-werror --with-arch-32=i686 --with-abi=m64 --with-multilib-list=m32,m64,mx32 --enable-multilib --with-tune=generic --enable-offload-targets=nvptx-none --without-cuda-driver --enable-checking=release --build=x86_64-linux-gnu --host=x86_64-linux-gnu --target=x86_64-linux-gnu]
  ignore line: [Thread model: posix]
  ignore line: [gcc version 8.3.0 (Debian 8.3.0-6) ]
  ignore line: [COMPILER_PATH=/usr/lib/gcc/x86_64-linux-gnu/8/:/usr/lib/gcc/x86_64-linux-gnu/8/:/usr/lib/gcc/x86_64-linux-gnu/:/usr/lib/gcc/x86_64-linux-gnu/8/:/usr/lib/gcc/x86_64-linux-gnu/]
  ignore line: [LIBRARY_PATH=/usr/lib/gcc/x86_64-linux-gnu/8/:/usr/lib/gcc/x86_64-linux-gnu/8/../../../x86_64-linux-gnu/:/usr/lib/gcc/x86_64-linux-gnu/8/../../../../lib/:/lib/x86_64-linux-gnu/:/lib/../lib/:/usr/lib/x86_64-linux-gnu/:/usr/lib/../lib/:/usr/lib/gcc/x86_64-linux-gnu/8/../../../:/lib/:/usr/lib/]
  ignore line: [COLLECT_GCC_OPTIONS='-D' 'PRODUCTION' '-D' 'SHARED=' '-v' '-rdynamic' '-o' 'cmTC_be452' '-mtune=generic' '-march=x86-64']
  link line: [ /usr/lib/gcc/x86_64-linux-gnu/8/collect2 -plugin /usr/lib/gcc/x86_64-linux-gnu/8/liblto_plugin.so -plugin-opt=/usr/lib/gcc/x86_64-linux-gnu/8/lto-wrapper -plugin-opt=-fresolution=/tmp/ccHOpztS.res -plugin-opt=-pass-through=-lgcc -plugin-opt=-pass-through=-lgcc_s -plugin-opt=-pass-through=-lc -plugin-opt=-pass-through=-lgcc -plugin-opt=-pass-through=-lgcc_s --build-id --eh-frame-hdr -m elf_x86_64 --hash-style=gnu -export-dynamic -dynamic-linker /lib64/ld-linux-x86-64.so.2 -pie -o cmTC_be452 /usr/lib/gcc/x86_64-linux-gnu/8/../../../x86_64-linux-gnu/Scrt1.o /usr/lib/gcc/x86_64-linux-gnu/8/../../../x86_64-linux-gnu/crti.o /usr/lib/gcc/x86_64-linux-gnu/8/crtbeginS.o -L/usr/lib/gcc/x86_64-linux-gnu/8 -L/usr/lib/gcc/x86_64-linux-gnu/8/../../../x86_64-linux-gnu -L/usr/lib/gcc/x86_64-linux-gnu/8/../../../../lib -L/lib/x86_64-linux-gnu -L/lib/../lib -L/usr/lib/x86_64-linux-gnu -L/usr/lib/../lib -L/usr/lib/gcc/x86_64-linux-gnu/8/../../.. -z relro CMakeFiles/cmTC_be452.dir/CMakeCCompilerABI.c.o -lgcc --push-state --as-needed -lgcc_s --pop-state -lc -lgcc --push-state --as-needed -lgcc_s --pop-state /usr/lib/gcc/x86_64-linux-gnu/8/crtendS.o /usr/lib/gcc/x86_64-linux-gnu/8/../../../x86_64-linux-gnu/crtn.o]
    arg [/usr/lib/gcc/x86_64-linux-gnu/8/collect2] ==> ignore
    arg [-plugin] ==> ignore
    arg [/usr/lib/gcc/x86_64-linux-gnu/8/liblto_plugin.so] ==> ignore
    arg [-plugin-opt=/usr/lib/gcc/x86_64-linux-gnu/8/lto-wrapper] ==> ignore
    arg [-plugin-opt=-fresolution=/tmp/ccHOpztS.res] ==> ignore
    arg [-plugin-opt=-pass-through=-lgcc] ==> ignore
    arg [-plugin-opt=-pass-through=-lgcc_s] ==> ignore
    arg [-plugin-opt=-pass-through=-lc] ==> ignore
    arg [-plugin-opt=-pass-through=-lgcc] ==> ignore
    arg [-plugin-opt=-pass-through=-lgcc_s] ==> ignore
    arg [--build-id] ==> ignore
    arg [--eh-frame-hdr] ==> ignore
    arg [-m] ==> ignore
    arg [elf_x86_64] ==> ignore
    arg [--hash-style=gnu] ==> ignore
    arg [-export-dynamic] ==> ignore
    arg [-dynamic-linker] ==> ignore
    arg [/lib64/ld-linux-x86-64.so.2] ==> ignore
    arg [-pie] ==> ignore
    arg [-o] ==> ignore
    arg [cmTC_be452] ==> ignore
    arg [/usr/lib/gcc/x86_64-linux-gnu/8/../../../x86_64-linux-gnu/Scrt1.o] ==> ignore
    arg [/usr/lib/gcc/x86_64-linux-gnu/8/../../../x86_64-linux-gnu/crti.o] ==> ignore
    arg [/usr/lib/gcc/x86_64-linux-gnu/8/crtbeginS.o] ==> ignore
    arg [-L/usr/lib/gcc/x86_64-linux-gnu/8] ==> dir [/usr/lib/gcc/x86_64-linux-gnu/8]
    arg [-L/usr/lib/gcc/x86_64-linux-gnu/8/../../../x86_64-linux-gnu] ==> dir [/usr/lib/gcc/x86_64-linux-gnu/8/../../../x86_64-linux-gnu]
    arg [-L/usr/lib/gcc/x86_64-linux-gnu/8/../../../../lib] ==> dir [/usr/lib/gcc/x86_64-linux-gnu/8/../../../../lib]
    arg [-L/lib/x86_64-linux-gnu] ==> dir [/lib/x86_64-linux-gnu]
    arg [-L/lib/../lib] ==> dir [/lib/../lib]
    arg [-L/usr/lib/x86_64-linux-gnu] ==> dir [/usr/lib/x86_64-linux-gnu]
    arg [-L/usr/lib/../lib] ==> dir [/usr/lib/../lib]
    arg [-L/usr/lib/gcc/x86_64-linux-gnu/8/../../..] ==> dir [/usr/lib/gcc/x86_64-linux-gnu/8/../../..]
    arg [-zrelro] ==> ignore
    arg [CMakeFiles/cmTC_be452.dir/CMakeCCompilerABI.c.o] ==> ignore
    arg [-lgcc] ==> lib [gcc]
    arg [--push-state] ==> ignore
    arg [--as-needed] ==> ignore
    arg [-lgcc_s] ==> lib [gcc_s]
    arg [--pop-state] ==> ignore
    arg [-lc] ==> lib [c]
    arg [-lgcc] ==> lib [gcc]
    arg [--push-state] ==> ignore
    arg [--as-needed] ==> ignore
    arg [-lgcc_s] ==> lib [gcc_s]
    arg [--pop-state] ==> ignore
    arg [/usr/lib/gcc/x86_64-linux-gnu/8/crtendS.o] ==> ignore
    arg [/usr/lib/gcc/x86_64-linux-gnu/8/../../../x86_64-linux-gnu/crtn.o] ==> ignore
  collapse library dir [/usr/lib/gcc/x86_64-linux-gnu/8] ==> [/usr/lib/gcc/x86_64-linux-gnu/8]
  collapse library dir [/usr/lib/gcc/x86_64-linux-gnu/8/../../../x86_64-linux-gnu] ==> [/usr/lib/x86_64-linux-gnu]
  collapse library dir [/usr/lib/gcc/x86_64-linux-gnu/8/../../../../lib] ==> [/usr/lib]
  collapse library dir [/lib/x86_64-linux-gnu] ==> [/lib/x86_64-linux-gnu]
  collapse library dir [/lib/../lib] ==> [/lib]
  collapse library dir [/usr/lib/x86_64-linux-gnu] ==> [/usr/lib/x86_64-linux-gnu]
  collapse library dir [/usr/lib/../lib] ==> [/usr/lib]
  collapse library dir [/usr/lib/gcc/x86_64-linux-gnu/8/../../..] ==> [/usr/lib]
  implicit libs: [gcc;gcc_s;c;gcc;gcc_s]
  implicit dirs: [/usr/lib/gcc/x86_64-linux-gnu/8;/usr/lib/x86_64-linux-gnu;/usr/lib;/lib/x86_64-linux-gnu;/lib]
  implicit fwks: []




Detecting C [-std=c11] compiler features compiled with the following output:
Change Dir: /home/tups/Desktop/kbcb/packages/debian/kbcb-0.0.1/kbcb-0.0.1/obj-x86_64-linux-gnu/CMakeFiles/CMakeTmp

Run Build Command:"/usr/bin/make" "cmTC_80021/fast"
make[2]: Entering directory '/home/tups/Desktop/kbcb/packages/debian/kbcb-0.0.1/kbcb-0.0.1/obj-x86_64-linux-gnu/CMakeFiles/CMakeTmp'
/usr/bin/make -f CMakeFiles/cmTC_80021.dir/build.make CMakeFiles/cmTC_80021.dir/build
make[3]: Entering directory '/home/tups/Desktop/kbcb/packages/debian/kbcb-0.0.1/kbcb-0.0.1/obj-x86_64-linux-gnu/CMakeFiles/CMakeTmp'
Building C object CMakeFiles/cmTC_80021.dir/feature_tests.c.o
/usr/bin/cc   -DPRODUCTION -DSHARED=    -std=c11 -o CMakeFiles/cmTC_80021.dir/feature_tests.c.o   -c /home/tups/Desktop/kbcb/packages/debian/kbcb-0.0.1/kbcb-0.0.1/obj-x86_64-linux-gnu/CMakeFiles/feature_tests.c
Linking C executable cmTC_80021
/usr/bin/cmake -E cmake_link_script CMakeFiles/cmTC_80021.dir/link.txt --verbose=1
/usr/bin/cc  -DPRODUCTION -DSHARED=   -Wl,-z,relro  -rdynamic CMakeFiles/cmTC_80021.dir/feature_tests.c.o  -o cmTC_80021 
make[3]: Leaving directory '/home/tups/Desktop/kbcb/packages/debian/kbcb-0.0.1/kbcb-0.0.1/obj-x86_64-linux-gnu/CMakeFiles/CMakeTmp'
make[2]: Leaving directory '/home/tups/Desktop/kbcb/packages/debian/kbcb-0.0.1/kbcb-0.0.1/obj-x86_64-linux-gnu/CMakeFiles/CMakeTmp'


    Feature record: C_FEATURE:1c_function_prototypes
    Feature record: C_FEATURE:1c_restrict
    Feature record: C_FEATURE:1c_static_assert
    Feature record: C_FEATURE:1c_variadic_macros


Detecting C [-std=c99] compiler features compiled with the following output:
Change Dir: /home/tups/Desktop/kbcb/packages/debian/kbcb-0.0.1/kbcb-0.0.1/obj-x86_64-linux-gnu/CMakeFiles/CMakeTmp

Run Build Command:"/usr/bin/make" "cmTC_265ee/fast"
make[2]: Entering directory '/home/tups/Desktop/kbcb/packages/debian/kbcb-0.0.1/kbcb-0.0.1/obj-x86_64-linux-gnu/CMakeFiles/CMakeTmp'
/usr/bin/make -f CMakeFiles/cmTC_265ee.dir/build.make CMakeFiles/cmTC_265ee.dir/build
make[3]: Entering directory '/home/tups/Desktop/kbcb/packages/debian/kbcb-0.0.1/kbcb-0.0.1/obj-x86_64-linux-gnu/CMakeFiles/CMakeTmp'
Building C object CMakeFiles/cmTC_265ee.dir/feature_tests.c.o
/usr/bin/cc   -DPRODUCTION -DSHARED=    -std=c99 -o CMakeFiles/cmTC_265ee.dir/feature_tests.c.o   -c /home/tups/Desktop/kbcb/packages/debian/kbcb-0.0.1/kbcb-0.0.1/obj-x86_64-linux-gnu/CMakeFiles/feature_tests.c
Linking C executable cmTC_265ee
/usr/bin/cmake -E cmake_link_script CMakeFiles/cmTC_265ee.dir/link.txt --verbose=1
/usr/bin/cc  -DPRODUCTION -DSHARED=   -Wl,-z,relro  -rdynamic CMakeFiles/cmTC_265ee.dir/feature_tests.c.o  -o cmTC_265ee 
make[3]: Leaving directory '/home/tups/Desktop/kbcb/packages/debian/kbcb-0.0.1/kbcb-0.0.1/obj-x86_64-linux-gnu/CMakeFiles/CMakeTmp'
make[2]: Leaving directory '/home/tups/Desktop/kbcb/packages/debian/kbcb-0.0.1/kbcb-0.0.1/obj-x86_64-linux-gnu/CMakeFiles/CMakeTmp'


    Feature record: C_FEATURE:1c_function_prototypes
    Feature record: C_FEATURE:1c_restrict
    Feature record: C_FEATURE:0c_static_assert
    Feature record: C_FEATURE:1c_variadic_macros


Detecting C [-std=c90] compiler features compiled with the following output:
Change Dir: /home/tups/Desktop/kbcb/packages/debian/kbcb-0.0.1/kbcb-0.0.1/obj-x86_64-linux-gnu/CMakeFiles/CMakeTmp

Run Build Command:"/usr/bin/make" "cmTC_8b322/fast"
make[2]: Entering directory '/home/tups/Desktop/kbcb/packages/debian/kbcb-0.0.1/kbcb-0.0.1/obj-x86_64-linux-gnu/CMakeFiles/CMakeTmp'
/usr/bin/make -f CMakeFiles/cmTC_8b322.dir/build.make CMakeFiles/cmTC_8b322.dir/build
make[3]: Entering directory '/home/tups/Desktop/kbcb/packages/debian/kbcb-0.0.1/kbcb-0.0.1/obj-x86_64-linux-gnu/CMakeFiles/CMakeTmp'
Building C object CMakeFiles/cmTC_8b322.dir/feature_tests.c.o
/usr/bin/cc   -DPRODUCTION -DSHARED=    -std=c90 -o CMakeFiles/cmTC_8b322.dir/feature_tests.c.o   -c /home/tups/Desktop/kbcb/packages/debian/kbcb-0.0.1/kbcb-0.0.1/obj-x86_64-linux-gnu/CMakeFiles/feature_tests.c
Linking C executable cmTC_8b322
/usr/bin/cmake -E cmake_link_script CMakeFiles/cmTC_8b322.dir/link.txt --verbose=1
/usr/bin/cc  -DPRODUCTION -DSHARED=   -Wl,-z,relro  -rdynamic CMakeFiles/cmTC_8b322.dir/feature_tests.c.o  -o cmTC_8b322 
make[3]: Leaving directory '/home/tups/Desktop/kbcb/packages/debian/kbcb-0.0.1/kbcb-0.0.1/obj-x86_64-linux-gnu/CMakeFiles/CMakeTmp'
make[2]: Leaving directory '/home/tups/Desktop/kbcb/packages/debian/kbcb-0.0.1/kbcb-0.0.1/obj-x86_64-linux-gnu/CMakeFiles/CMakeTmp'


    Feature record: C_FEATURE:1c_function_prototypes
    Feature record: C_FEATURE:0c_restrict
    Feature record: C_FEATURE:0c_static_assert
    Feature record: C_FEATURE:0c_variadic_macros
Determining if the CXX compiler works passed with the following output:
Change Dir: /home/tups/Desktop/kbcb/packages/debian/kbcb-0.0.1/kbcb-0.0.1/obj-x86_64-linux-gnu/CMakeFiles/CMakeTmp

Run Build Command:"/usr/bin/make" "cmTC_24e49/fast"
make[2]: Entering directory '/home/tups/Desktop/kbcb/packages/debian/kbcb-0.0.1/kbcb-0.0.1/obj-x86_64-linux-gnu/CMakeFiles/CMakeTmp'
/usr/bin/make -f CMakeFiles/cmTC_24e49.dir/build.make CMakeFiles/cmTC_24e49.dir/build
make[3]: Entering directory '/home/tups/Desktop/kbcb/packages/debian/kbcb-0.0.1/kbcb-0.0.1/obj-x86_64-linux-gnu/CMakeFiles/CMakeTmp'
Building CXX object CMakeFiles/cmTC_24e49.dir/testCXXCompiler.cxx.o
/usr/bin/c++    -g -O2 -fdebug-prefix-map=/home/tups/Desktop/kbcb/packages/debian/kbcb-0.0.1/kbcb-0.0.1=. -fstack-protector-strong -Wformat -Werror=format-security -Wdate-time -D_FORTIFY_SOURCE=2    -o CMakeFiles/cmTC_24e49.dir/testCXXCompiler.cxx.o -c /home/tups/Desktop/kbcb/packages/debian/kbcb-0.0.1/kbcb-0.0.1/obj-x86_64-linux-gnu/CMakeFiles/CMakeTmp/testCXXCompiler.cxx
Linking CXX executable cmTC_24e49
/usr/bin/cmake -E cmake_link_script CMakeFiles/cmTC_24e49.dir/link.txt --verbose=1
/usr/bin/c++  -g -O2 -fdebug-prefix-map=/home/tups/Desktop/kbcb/packages/debian/kbcb-0.0.1/kbcb-0.0.1=. -fstack-protector-strong -Wformat -Werror=format-security -Wdate-time -D_FORTIFY_SOURCE=2   -Wl,-z,relro  -rdynamic CMakeFiles/cmTC_24e49.dir/testCXXCompiler.cxx.o  -o cmTC_24e49 
make[3]: Leaving directory '/home/tups/Desktop/kbcb/packages/debian/kbcb-0.0.1/kbcb-0.0.1/obj-x86_64-linux-gnu/CMakeFiles/CMakeTmp'
make[2]: Leaving directory '/home/tups/Desktop/kbcb/packages/debian/kbcb-0.0.1/kbcb-0.0.1/obj-x86_64-linux-gnu/CMakeFiles/CMakeTmp'


Detecting CXX compiler ABI info compiled with the following output:
Change Dir: /home/tups/Desktop/kbcb/packages/debian/kbcb-0.0.1/kbcb-0.0.1/obj-x86_64-linux-gnu/CMakeFiles/CMakeTmp

Run Build Command:"/usr/bin/make" "cmTC_ca5ed/fast"
make[2]: Entering directory '/home/tups/Desktop/kbcb/packages/debian/kbcb-0.0.1/kbcb-0.0.1/obj-x86_64-linux-gnu/CMakeFiles/CMakeTmp'
/usr/bin/make -f CMakeFiles/cmTC_ca5ed.dir/build.make CMakeFiles/cmTC_ca5ed.dir/build
make[3]: Entering directory '/home/tups/Desktop/kbcb/packages/debian/kbcb-0.0.1/kbcb-0.0.1/obj-x86_64-linux-gnu/CMakeFiles/CMakeTmp'
Building CXX object CMakeFiles/cmTC_ca5ed.dir/CMakeCXXCompilerABI.cpp.o
/usr/bin/c++    -g -O2 -fdebug-prefix-map=/home/tups/Desktop/kbcb/packages/debian/kbcb-0.0.1/kbcb-0.0.1=. -fstack-protector-strong -Wformat -Werror=format-security -Wdate-time -D_FORTIFY_SOURCE=2    -o CMakeFiles/cmTC_ca5ed.dir/CMakeCXXCompilerABI.cpp.o -c /usr/share/cmake-3.13/Modules/CMakeCXXCompilerABI.cpp
Linking CXX executable cmTC_ca5ed
/usr/bin/cmake -E cmake_link_script CMakeFiles/cmTC_ca5ed.dir/link.txt --verbose=1
/usr/bin/c++  -g -O2 -fdebug-prefix-map=/home/tups/Desktop/kbcb/packages/debian/kbcb-0.0.1/kbcb-0.0.1=. -fstack-protector-strong -Wformat -Werror=format-security -Wdate-time -D_FORTIFY_SOURCE=2   -Wl,-z,relro -v -rdynamic CMakeFiles/cmTC_ca5ed.dir/CMakeCXXCompilerABI.cpp.o  -o cmTC_ca5ed 
Using built-in specs.
COLLECT_GCC=/usr/bin/c++
COLLECT_LTO_WRAPPER=/usr/lib/gcc/x86_64-linux-gnu/8/lto-wrapper
OFFLOAD_TARGET_NAMES=nvptx-none
OFFLOAD_TARGET_DEFAULT=1
Target: x86_64-linux-gnu
Configured with: ../src/configure -v --with-pkgversion='Debian 8.3.0-6' --with-bugurl=file:///usr/share/doc/gcc-8/README.Bugs --enable-languages=c,ada,c++,go,brig,d,fortran,objc,obj-c++ --prefix=/usr --with-gcc-major-version-only --program-suffix=-8 --program-prefix=x86_64-linux-gnu- --enable-shared --enable-linker-build-id --libexecdir=/usr/lib --without-included-gettext --enable-threads=posix --libdir=/usr/lib --enable-nls --enable-bootstrap --enable-clocale=gnu --enable-libstdcxx-debug --enable-libstdcxx-time=yes --with-default-libstdcxx-abi=new --enable-gnu-unique-object --disable-vtable-verify --enable-libmpx --enable-plugin --enable-default-pie --with-system-zlib --with-target-system-zlib --enable-objc-gc=auto --enable-multiarch --disable-werror --with-arch-32=i686 --with-abi=m64 --with-multilib-list=m32,m64,mx32 --enable-multilib --with-tune=generic --enable-offload-targets=nvptx-none --without-cuda-driver --enable-checking=release --build=x86_64-linux-gnu --host=x86_64-linux-gnu --target=x86_64-linux-gnu
Thread model: posix
gcc version 8.3.0 (Debian 8.3.0-6) 
COMPILER_PATH=/usr/lib/gcc/x86_64-linux-gnu/8/:/usr/lib/gcc/x86_64-linux-gnu/8/:/usr/lib/gcc/x86_64-linux-gnu/:/usr/lib/gcc/x86_64-linux-gnu/8/:/usr/lib/gcc/x86_64-linux-gnu/
LIBRARY_PATH=/usr/lib/gcc/x86_64-linux-gnu/8/:/usr/lib/gcc/x86_64-linux-gnu/8/../../../x86_64-linux-gnu/:/usr/lib/gcc/x86_64-linux-gnu/8/../../../../lib/:/lib/x86_64-linux-gnu/:/lib/../lib/:/usr/lib/x86_64-linux-gnu/:/usr/lib/../lib/:/usr/lib/gcc/x86_64-linux-gnu/8/../../../:/lib/:/usr/lib/
COLLECT_GCC_OPTIONS='-g' '-O2' '-fdebug-prefix-map=/home/tups/Desktop/kbcb/packages/debian/kbcb-0.0.1/kbcb-0.0.1=.' '-fstack-protector-strong' '-Wformat=1' '-Werror=format-security' '-Wdate-time' '-D' '_FORTIFY_SOURCE=2' '-v' '-rdynamic' '-o' 'cmTC_ca5ed' '-shared-libgcc' '-mtune=generic' '-march=x86-64'
 /usr/lib/gcc/x86_64-linux-gnu/8/collect2 -plugin /usr/lib/gcc/x86_64-linux-gnu/8/liblto_plugin.so -plugin-opt=/usr/lib/gcc/x86_64-linux-gnu/8/lto-wrapper -plugin-opt=-fresolution=/tmp/ccpSbwFi.res -plugin-opt=-pass-through=-lgcc_s -plugin-opt=-pass-through=-lgcc -plugin-opt=-pass-through=-lc -plugin-opt=-pass-through=-lgcc_s -plugin-opt=-pass-through=-lgcc --build-id --eh-frame-hdr -m elf_x86_64 --hash-style=gnu -export-dynamic -dynamic-linker /lib64/ld-linux-x86-64.so.2 -pie -o cmTC_ca5ed /usr/lib/gcc/x86_64-linux-gnu/8/../../../x86_64-linux-gnu/Scrt1.o /usr/lib/gcc/x86_64-linux-gnu/8/../../../x86_64-linux-gnu/crti.o /usr/lib/gcc/x86_64-linux-gnu/8/crtbeginS.o -L/usr/lib/gcc/x86_64-linux-gnu/8 -L/usr/lib/gcc/x86_64-linux-gnu/8/../../../x86_64-linux-gnu -L/usr/lib/gcc/x86_64-linux-gnu/8/../../../../lib -L/lib/x86_64-linux-gnu -L/lib/../lib -L/usr/lib/x86_64-linux-gnu -L/usr/lib/../lib -L/usr/lib/gcc/x86_64-linux-gnu/8/../../.. -z relro CMakeFiles/cmTC_ca5ed.dir/CMakeCXXCompilerABI.cpp.o -lstdc++ -lm -lgcc_s -lgcc -lc -lgcc_s -lgcc /usr/lib/gcc/x86_64-linux-gnu/8/crtendS.o /usr/lib/gcc/x86_64-linux-gnu/8/../../../x86_64-linux-gnu/crtn.o
COLLECT_GCC_OPTIONS='-g' '-O2' '-fdebug-prefix-map=/home/tups/Desktop/kbcb/packages/debian/kbcb-0.0.1/kbcb-0.0.1=.' '-fstack-protector-strong' '-Wformat=1' '-Werror=format-security' '-Wdate-time' '-D' '_FORTIFY_SOURCE=2' '-v' '-rdynamic' '-o' 'cmTC_ca5ed' '-shared-libgcc' '-mtune=generic' '-march=x86-64'
make[3]: Leaving directory '/home/tups/Desktop/kbcb/packages/debian/kbcb-0.0.1/kbcb-0.0.1/obj-x86_64-linux-gnu/CMakeFiles/CMakeTmp'
make[2]: Leaving directory '/home/tups/Desktop/kbcb/packages/debian/kbcb-0.0.1/kbcb-0.0.1/obj-x86_64-linux-gnu/CMakeFiles/CMakeTmp'


Parsed CXX implicit link information from above output:
  link line regex: [^( *|.*[/\])(ld|CMAKE_LINK_STARTFILE-NOTFOUND|([^/\]+-)?ld|collect2)[^/\]*( |$)]
  ignore line: [Change Dir: /home/tups/Desktop/kbcb/packages/debian/kbcb-0.0.1/kbcb-0.0.1/obj-x86_64-linux-gnu/CMakeFiles/CMakeTmp]
  ignore line: []
  ignore line: [Run Build Command:"/usr/bin/make" "cmTC_ca5ed/fast"]
  ignore line: [make[2]: Entering directory '/home/tups/Desktop/kbcb/packages/debian/kbcb-0.0.1/kbcb-0.0.1/obj-x86_64-linux-gnu/CMakeFiles/CMakeTmp']
  ignore line: [/usr/bin/make -f CMakeFiles/cmTC_ca5ed.dir/build.make CMakeFiles/cmTC_ca5ed.dir/build]
  ignore line: [make[3]: Entering directory '/home/tups/Desktop/kbcb/packages/debian/kbcb-0.0.1/kbcb-0.0.1/obj-x86_64-linux-gnu/CMakeFiles/CMakeTmp']
  ignore line: [Building CXX object CMakeFiles/cmTC_ca5ed.dir/CMakeCXXCompilerABI.cpp.o]
  ignore line: [/usr/bin/c++    -g -O2 -fdebug-prefix-map=/home/tups/Desktop/kbcb/packages/debian/kbcb-0.0.1/kbcb-0.0.1=. -fstack-protector-strong -Wformat -Werror=format-security -Wdate-time -D_FORTIFY_SOURCE=2    -o CMakeFiles/cmTC_ca5ed.dir/CMakeCXXCompilerABI.cpp.o -c /usr/share/cmake-3.13/Modules/CMakeCXXCompilerABI.cpp]
  ignore line: [Linking CXX executable cmTC_ca5ed]
  ignore line: [/usr/bin/cmake -E cmake_link_script CMakeFiles/cmTC_ca5ed.dir/link.txt --verbose=1]
  ignore line: [/usr/bin/c++  -g -O2 -fdebug-prefix-map=/home/tups/Desktop/kbcb/packages/debian/kbcb-0.0.1/kbcb-0.0.1=. -fstack-protector-strong -Wformat -Werror=format-security -Wdate-time -D_FORTIFY_SOURCE=2   -Wl,-z,relro -v -rdynamic CMakeFiles/cmTC_ca5ed.dir/CMakeCXXCompilerABI.cpp.o  -o cmTC_ca5ed ]
  ignore line: [Using built-in specs.]
  ignore line: [COLLECT_GCC=/usr/bin/c++]
  ignore line: [COLLECT_LTO_WRAPPER=/usr/lib/gcc/x86_64-linux-gnu/8/lto-wrapper]
  ignore line: [OFFLOAD_TARGET_NAMES=nvptx-none]
  ignore line: [OFFLOAD_TARGET_DEFAULT=1]
  ignore line: [Target: x86_64-linux-gnu]
  ignore line: [Configured with: ../src/configure -v --with-pkgversion='Debian 8.3.0-6' --with-bugurl=file:///usr/share/doc/gcc-8/README.Bugs --enable-languages=c,ada,c++,go,brig,d,fortran,objc,obj-c++ --prefix=/usr --with-gcc-major-version-only --program-suffix=-8 --program-prefix=x86_64-linux-gnu- --enable-shared --enable-linker-build-id --libexecdir=/usr/lib --without-included-gettext --enable-threads=posix --libdir=/usr/lib --enable-nls --enable-bootstrap --enable-clocale=gnu --enable-libstdcxx-debug --enable-libstdcxx-time=yes --with-default-libstdcxx-abi=new --enable-gnu-unique-object --disable-vtable-verify --enable-libmpx --enable-plugin --enable-default-pie --with-system-zlib --with-target-system-zlib --enable-objc-gc=auto --enable-multiarch --disable-werror --with-arch-32=i686 --with-abi=m64 --with-multilib-list=m32,m64,mx32 --enable-multilib --with-tune=generic --enable-offload-targets=nvptx-none --without-cuda-driver --enable-checking=release --build=x86_64-linux-gnu --host=x86_64-linux-gnu --target=x86_64-linux-gnu]
  ignore line: [Thread model: posix]
  ignore line: [gcc version 8.3.0 (Debian 8.3.0-6) ]
  ignore line: [COMPILER_PATH=/usr/lib/gcc/x86_64-linux-gnu/8/:/usr/lib/gcc/x86_64-linux-gnu/8/:/usr/lib/gcc/x86_64-linux-gnu/:/usr/lib/gcc/x86_64-linux-gnu/8/:/usr/lib/gcc/x86_64-linux-gnu/]
  ignore line: [LIBRARY_PATH=/usr/lib/gcc/x86_64-linux-gnu/8/:/usr/lib/gcc/x86_64-linux-gnu/8/../../../x86_64-linux-gnu/:/usr/lib/gcc/x86_64-linux-gnu/8/../../../../lib/:/lib/x86_64-linux-gnu/:/lib/../lib/:/usr/lib/x86_64-linux-gnu/:/usr/lib/../lib/:/usr/lib/gcc/x86_64-linux-gnu/8/../../../:/lib/:/usr/lib/]
  ignore line: [COLLECT_GCC_OPTIONS='-g' '-O2' '-fdebug-prefix-map=/home/tups/Desktop/kbcb/packages/debian/kbcb-0.0.1/kbcb-0.0.1=.' '-fstack-protector-strong' '-Wformat=1' '-Werror=format-security' '-Wdate-time' '-D' '_FORTIFY_SOURCE=2' '-v' '-rdynamic' '-o' 'cmTC_ca5ed' '-shared-libgcc' '-mtune=generic' '-march=x86-64']
  link line: [ /usr/lib/gcc/x86_64-linux-gnu/8/collect2 -plugin /usr/lib/gcc/x86_64-linux-gnu/8/liblto_plugin.so -plugin-opt=/usr/lib/gcc/x86_64-linux-gnu/8/lto-wrapper -plugin-opt=-fresolution=/tmp/ccpSbwFi.res -plugin-opt=-pass-through=-lgcc_s -plugin-opt=-pass-through=-lgcc -plugin-opt=-pass-through=-lc -plugin-opt=-pass-through=-lgcc_s -plugin-opt=-pass-through=-lgcc --build-id --eh-frame-hdr -m elf_x86_64 --hash-style=gnu -export-dynamic -dynamic-linker /lib64/ld-linux-x86-64.so.2 -pie -o cmTC_ca5ed /usr/lib/gcc/x86_64-linux-gnu/8/../../../x86_64-linux-gnu/Scrt1.o /usr/lib/gcc/x86_64-linux-gnu/8/../../../x86_64-linux-gnu/crti.o /usr/lib/gcc/x86_64-linux-gnu/8/crtbeginS.o -L/usr/lib/gcc/x86_64-linux-gnu/8 -L/usr/lib/gcc/x86_64-linux-gnu/8/../../../x86_64-linux-gnu -L/usr/lib/gcc/x86_64-linux-gnu/8/../../../../lib -L/lib/x86_64-linux-gnu -L/lib/../lib -L/usr/lib/x86_64-linux-gnu -L/usr/lib/../lib -L/usr/lib/gcc/x86_64-linux-gnu/8/../../.. -z relro CMakeFiles/cmTC_ca5ed.dir/CMakeCXXCompilerABI.cpp.o -lstdc++ -lm -lgcc_s -lgcc -lc -lgcc_s -lgcc /usr/lib/gcc/x86_64-linux-gnu/8/crtendS.o /usr/lib/gcc/x86_64-linux-gnu/8/../../../x86_64-linux-gnu/crtn.o]
    arg [/usr/lib/gcc/x86_64-linux-gnu/8/collect2] ==> ignore
    arg [-plugin] ==> ignore
    arg [/usr/lib/gcc/x86_64-linux-gnu/8/liblto_plugin.so] ==> ignore
    arg [-plugin-opt=/usr/lib/gcc/x86_64-linux-gnu/8/lto-wrapper] ==> ignore
    arg [-plugin-opt=-fresolution=/tmp/ccpSbwFi.res] ==> ignore
    arg [-plugin-opt=-pass-through=-lgcc_s] ==> ignore
    arg [-plugin-opt=-pass-through=-lgcc] ==> ignore
    arg [-plugin-opt=-pass-through=-lc] ==> ignore
    arg [-plugin-opt=-pass-through=-lgcc_s] ==> ignore
    arg [-plugin-opt=-pass-through=-lgcc] ==> ignore
    arg [--build-id] ==> ignore
    arg [--eh-frame-hdr] ==> ignore
    arg [-m] ==> ignore
    arg [elf_x86_64] ==> ignore
    arg [--hash-style=gnu] ==> ignore
    arg [-export-dynamic] ==> ignore
    arg [-dynamic-linker] ==> ignore
    arg [/lib64/ld-linux-x86-64.so.2] ==> ignore
    arg [-pie] ==> ignore
    arg [-o] ==> ignore
    arg [cmTC_ca5ed] ==> ignore
    arg [/usr/lib/gcc/x86_64-linux-gnu/8/../../../x86_64-linux-gnu/Scrt1.o] ==> ignore
    arg [/usr/lib/gcc/x86_64-linux-gnu/8/../../../x86_64-linux-gnu/crti.o] ==> ignore
    arg [/usr/lib/gcc/x86_64-linux-gnu/8/crtbeginS.o] ==> ignore
    arg [-L/usr/lib/gcc/x86_64-linux-gnu/8] ==> dir [/usr/lib/gcc/x86_64-linux-gnu/8]
    arg [-L/usr/lib/gcc/x86_64-linux-gnu/8/../../../x86_64-linux-gnu] ==> dir [/usr/lib/gcc/x86_64-linux-gnu/8/../../../x86_64-linux-gnu]
    arg [-L/usr/lib/gcc/x86_64-linux-gnu/8/../../../../lib] ==> dir [/usr/lib/gcc/x86_64-linux-gnu/8/../../../../lib]
    arg [-L/lib/x86_64-linux-gnu] ==> dir [/lib/x86_64-linux-gnu]
    arg [-L/lib/../lib] ==> dir [/lib/../lib]
    arg [-L/usr/lib/x86_64-linux-gnu] ==> dir [/usr/lib/x86_64-linux-gnu]
    arg [-L/usr/lib/../lib] ==> dir [/usr/lib/../lib]
    arg [-L/usr/lib/gcc/x86_64-linux-gnu/8/../../..] ==> dir [/usr/lib/gcc/x86_64-linux-gnu/8/../../..]
    arg [-zrelro] ==> ignore
    arg [CMakeFiles/cmTC_ca5ed.dir/CMakeCXXCompilerABI.cpp.o] ==> ignore
    arg [-lstdc++] ==> lib [stdc++]
    arg [-lm] ==> lib [m]
    arg [-lgcc_s] ==> lib [gcc_s]
    arg [-lgcc] ==> lib [gcc]
    arg [-lc] ==> lib [c]
    arg [-lgcc_s] ==> lib [gcc_s]
    arg [-lgcc] ==> lib [gcc]
    arg [/usr/lib/gcc/x86_64-linux-gnu/8/crtendS.o] ==> ignore
    arg [/usr/lib/gcc/x86_64-linux-gnu/8/../../../x86_64-linux-gnu/crtn.o] ==> ignore
  collapse library dir [/usr/lib/gcc/x86_64-linux-gnu/8] ==> [/usr/lib/gcc/x86_64-linux-gnu/8]
  collapse library dir [/usr/lib/gcc/x86_64-linux-gnu/8/../../../x86_64-linux-gnu] ==> [/usr/lib/x86_64-linux-gnu]
  collapse library dir [/usr/lib/gcc/x86_64-linux-gnu/8/../../../../lib] ==> [/usr/lib]
  collapse library dir [/lib/x86_64-linux-gnu] ==> [/lib/x86_64-linux-gnu]
  collapse library dir [/lib/../lib] ==> [/lib]
  collapse library dir [/usr/lib/x86_64-linux-gnu] ==> [/usr/lib/x86_64-linux-gnu]
  collapse library dir [/usr/lib/../lib] ==> [/usr/lib]
  collapse library dir [/usr/lib/gcc/x86_64-linux-gnu/8/../../..] ==> [/usr/lib]
  implicit libs: [stdc++;m;gcc_s;gcc;c;gcc_s;gcc]
  implicit dirs: [/usr/lib/gcc/x86_64-linux-gnu/8;/usr/lib/x86_64-linux-gnu;/usr/lib;/lib/x86_64-linux-gnu;/lib]
  implicit fwks: []




Detecting CXX [-std=c++2a] compiler features compiled with the following output:
Change Dir: /home/tups/Desktop/kbcb/packages/debian/kbcb-0.0.1/kbcb-0.0.1/obj-x86_64-linux-gnu/CMakeFiles/CMakeTmp

Run Build Command:"/usr/bin/make" "cmTC_da5db/fast"
make[2]: Entering directory '/home/tups/Desktop/kbcb/packages/debian/kbcb-0.0.1/kbcb-0.0.1/obj-x86_64-linux-gnu/CMakeFiles/CMakeTmp'
/usr/bin/make -f CMakeFiles/cmTC_da5db.dir/build.make CMakeFiles/cmTC_da5db.dir/build
make[3]: Entering directory '/home/tups/Desktop/kbcb/packages/debian/kbcb-0.0.1/kbcb-0.0.1/obj-x86_64-linux-gnu/CMakeFiles/CMakeTmp'
Building CXX object CMakeFiles/cmTC_da5db.dir/feature_tests.cxx.o
/usr/bin/c++    -g -O2 -fdebug-prefix-map=/home/tups/Desktop/kbcb/packages/debian/kbcb-0.0.1/kbcb-0.0.1=. -fstack-protector-strong -Wformat -Werror=format-security -Wdate-time -D_FORTIFY_SOURCE=2    -std=c++2a -o CMakeFiles/cmTC_da5db.dir/feature_tests.cxx.o -c /home/tups/Desktop/kbcb/packages/debian/kbcb-0.0.1/kbcb-0.0.1/obj-x86_64-linux-gnu/CMakeFiles/feature_tests.cxx
Linking CXX executable cmTC_da5db
/usr/bin/cmake -E cmake_link_script CMakeFiles/cmTC_da5db.dir/link.txt --verbose=1
/usr/bin/c++  -g -O2 -fdebug-prefix-map=/home/tups/Desktop/kbcb/packages/debian/kbcb-0.0.1/kbcb-0.0.1=. -fstack-protector-strong -Wformat -Werror=format-security -Wdate-time -D_FORTIFY_SOURCE=2   -Wl,-z,relro  -rdynamic CMakeFiles/cmTC_da5db.dir/feature_tests.cxx.o  -o cmTC_da5db 
make[3]: Leaving directory '/home/tups/Desktop/kbcb/packages/debian/kbcb-0.0.1/kbcb-0.0.1/obj-x86_64-linux-gnu/CMakeFiles/CMakeTmp'
make[2]: Leaving directory '/home/tups/Desktop/kbcb/packages/debian/kbcb-0.0.1/kbcb-0.0.1/obj-x86_64-linux-gnu/CMakeFiles/CMakeTmp'


    Feature record: CXX_FEATURE:1cxx_aggregate_default_initializers
    Feature record: CXX_FEATURE:1cxx_alias_templates
    Feature record: CXX_FEATURE:1cxx_alignas
    Feature record: CXX_FEATURE:1cxx_alignof
    Feature record: CXX_FEATURE:1cxx_attributes
    Feature record: CXX_FEATURE:1cxx_attribute_deprecated
    Feature record: CXX_FEATURE:1cxx_auto_type
    Feature record: CXX_FEATURE:1cxx_binary_literals
    Feature record: CXX_FEATURE:1cxx_constexpr
    Feature record: CXX_FEATURE:1cxx_contextual_conversions
    Feature record: CXX_FEATURE:1cxx_decltype
    Feature record: CXX_FEATURE:1cxx_decltype_auto
    Feature record: CXX_FEATURE:1cxx_decltype_incomplete_return_types
    Feature record: CXX_FEATURE:1cxx_default_function_template_args
    Feature record: CXX_FEATURE:1cxx_defaulted_functions
    Feature record: CXX_FEATURE:1cxx_defaulted_move_initializers
    Feature record: CXX_FEATURE:1cxx_delegating_constructors
    Feature record: CXX_FEATURE:1cxx_deleted_functions
    Feature record: CXX_FEATURE:1cxx_digit_separators
    Feature record: CXX_FEATURE:1cxx_enum_forward_declarations
    Feature record: CXX_FEATURE:1cxx_explicit_conversions
    Feature record: CXX_FEATURE:1cxx_extended_friend_declarations
    Feature record: CXX_FEATURE:1cxx_extern_templates
    Feature record: CXX_FEATURE:1cxx_final
    Feature record: CXX_FEATURE:1cxx_func_identifier
    Feature record: CXX_FEATURE:1cxx_generalized_initializers
    Feature record: CXX_FEATURE:1cxx_generic_lambdas
    Feature record: CXX_FEATURE:1cxx_inheriting_constructors
    Feature record: CXX_FEATURE:1cxx_inline_namespaces
    Feature record: CXX_FEATURE:1cxx_lambdas
    Feature record: CXX_FEATURE:1cxx_lambda_init_captures
    Feature record: CXX_FEATURE:1cxx_local_type_template_args
    Feature record: CXX_FEATURE:1cxx_long_long_type
    Feature record: CXX_FEATURE:1cxx_noexcept
    Feature record: CXX_FEATURE:1cxx_nonstatic_member_init
    Feature record: CXX_FEATURE:1cxx_nullptr
    Feature record: CXX_FEATURE:1cxx_override
    Feature record: CXX_FEATURE:1cxx_range_for
    Feature record: CXX_FEATURE:1cxx_raw_string_literals
    Feature record: CXX_FEATURE:1cxx_reference_qualified_functions
    Feature record: CXX_FEATURE:1cxx_relaxed_constexpr
    Feature record: CXX_FEATURE:1cxx_return_type_deduction
    Feature record: CXX_FEATURE:1cxx_right_angle_brackets
    Feature record: CXX_FEATURE:1cxx_rvalue_references
    Feature record: CXX_FEATURE:1cxx_sizeof_member
    Feature record: CXX_FEATURE:1cxx_static_assert
    Feature record: CXX_FEATURE:1cxx_strong_enums
    Feature record: CXX_FEATURE:1cxx_template_template_parameters
    Feature record: CXX_FEATURE:1cxx_thread_local
    Feature record: CXX_FEATURE:1cxx_trailing_return_types
    Feature record: CXX_FEATURE:1cxx_unicode_literals
    Feature record: CXX_FEATURE:1cxx_uniform_initialization
    Feature record: CXX_FEATURE:1cxx_unrestricted_unions
    Feature record: CXX_FEATURE:1cxx_user_literals
    Feature record: CXX_FEATURE:1cxx_variable_templates
    Feature record: CXX_FEATURE:1cxx_variadic_macros
    Feature record: CXX_FEATURE:1cxx_variadic_templates


Detecting CXX [-std=c++17] compiler features compiled with the following output:
Change Dir: /home/tups/Desktop/kbcb/packages/debian/kbcb-0.0.1/kbcb-0.0.1/obj-x86_64-linux-gnu/CMakeFiles/CMakeTmp

Run Build Command:"/usr/bin/make" "cmTC_fc2b8/fast"
make[2]: Entering directory '/home/tups/Desktop/kbcb/packages/debian/kbcb-0.0.1/kbcb-0.0.1/obj-x86_64-linux-gnu/CMakeFiles/CMakeTmp'
/usr/bin/make -f CMakeFiles/cmTC_fc2b8.dir/build.make CMakeFiles/cmTC_fc2b8.dir/build
make[3]: Entering directory '/home/tups/Desktop/kbcb/packages/debian/kbcb-0.0.1/kbcb-0.0.1/obj-x86_64-linux-gnu/CMakeFiles/CMakeTmp'
Building CXX object CMakeFiles/cmTC_fc2b8.dir/feature_tests.cxx.o
/usr/bin/c++    -g -O2 -fdebug-prefix-map=/home/tups/Desktop/kbcb/packages/debian/kbcb-0.0.1/kbcb-0.0.1=. -fstack-protector-strong -Wformat -Werror=format-security -Wdate-time -D_FORTIFY_SOURCE=2    -std=c++17 -o CMakeFiles/cmTC_fc2b8.dir/feature_tests.cxx.o -c /home/tups/Desktop/kbcb/packages/debian/kbcb-0.0.1/kbcb-0.0.1/obj-x86_64-linux-gnu/CMakeFiles/feature_tests.cxx
Linking CXX executable cmTC_fc2b8
/usr/bin/cmake -E cmake_link_script CMakeFiles/cmTC_fc2b8.dir/link.txt --verbose=1
/usr/bin/c++  -g -O2 -fdebug-prefix-map=/home/tups/Desktop/kbcb/packages/debian/kbcb-0.0.1/kbcb-0.0.1=. -fstack-protector-strong -Wformat -Werror=format-security -Wdate-time -D_FORTIFY_SOURCE=2   -Wl,-z,relro  -rdynamic CMakeFiles/cmTC_fc2b8.dir/feature_tests.cxx.o  -o cmTC_fc2b8 
make[3]: Leaving directory '/home/tups/Desktop/kbcb/packages/debian/kbcb-0.0.1/kbcb-0.0.1/obj-x86_64-linux-gnu/CMakeFiles/CMakeTmp'
make[2]: Leaving directory '/home/tups/Desktop/kbcb/packages/debian/kbcb-0.0.1/kbcb-0.0.1/obj-x86_64-linux-gnu/CMakeFiles/CMakeTmp'


    Feature record: CXX_FEATURE:1cxx_aggregate_default_initializers
    Feature record: CXX_FEATURE:1cxx_alias_templates
    Feature record: CXX_FEATURE:1cxx_alignas
    Feature record: CXX_FEATURE:1cxx_alignof
    Feature record: CXX_FEATURE:1cxx_attributes
    Feature record: CXX_FEATURE:1cxx_attribute_deprecated
    Feature record: CXX_FEATURE:1cxx_auto_type
    Feature record: CXX_FEATURE:1cxx_binary_literals
    Feature record: CXX_FEATURE:1cxx_constexpr
    Feature record: CXX_FEATURE:1cxx_contextual_conversions
    Feature record: CXX_FEATURE:1cxx_decltype
    Feature record: CXX_FEATURE:1cxx_decltype_auto
    Feature record: CXX_FEATURE:1cxx_decltype_incomplete_return_types
    Feature record: CXX_FEATURE:1cxx_default_function_template_args
    Feature record: CXX_FEATURE:1cxx_defaulted_functions
    Feature record: CXX_FEATURE:1cxx_defaulted_move_initializers
    Feature record: CXX_FEATURE:1cxx_delegating_constructors
    Feature record: CXX_FEATURE:1cxx_deleted_functions
    Feature record: CXX_FEATURE:1cxx_digit_separators
    Feature record: CXX_FEATURE:1cxx_enum_forward_declarations
    Feature record: CXX_FEATURE:1cxx_explicit_conversions
    Feature record: CXX_FEATURE:1cxx_extended_friend_declarations
    Feature record: CXX_FEATURE:1cxx_extern_templates
    Feature record: CXX_FEATURE:1cxx_final
    Feature record: CXX_FEATURE:1cxx_func_identifier
    Feature record: CXX_FEATURE:1cxx_generalized_initializers
    Feature record: CXX_FEATURE:1cxx_generic_lambdas
    Feature record: CXX_FEATURE:1cxx_inheriting_constructors
    Feature record: CXX_FEATURE:1cxx_inline_namespaces
    Feature record: CXX_FEATURE:1cxx_lambdas
    Feature record: CXX_FEATURE:1cxx_lambda_init_captures
    Feature record: CXX_FEATURE:1cxx_local_type_template_args
    Feature record: CXX_FEATURE:1cxx_long_long_type
    Feature record: CXX_FEATURE:1cxx_noexcept
    Feature record: CXX_FEATURE:1cxx_nonstatic_member_init
    Feature record: CXX_FEATURE:1cxx_nullptr
    Feature record: CXX_FEATURE:1cxx_override
    Feature record: CXX_FEATURE:1cxx_range_for
    Feature record: CXX_FEATURE:1cxx_raw_string_literals
    Feature record: CXX_FEATURE:1cxx_reference_qualified_functions
    Feature record: CXX_FEATURE:1cxx_relaxed_constexpr
    Feature record: CXX_FEATURE:1cxx_return_type_deduction
    Feature record: CXX_FEATURE:1cxx_right_angle_brackets
    Feature record: CXX_FEATURE:1cxx_rvalue_references
    Feature record: CXX_FEATURE:1cxx_sizeof_member
    Feature record: CXX_FEATURE:1cxx_static_assert
    Feature record: CXX_FEATURE:1cxx_strong_enums
    Feature record: CXX_FEATURE:1cxx_template_template_parameters
    Feature record: CXX_FEATURE:1cxx_thread_local
    Feature record: CXX_FEATURE:1cxx_trailing_return_types
    Feature record: CXX_FEATURE:1cxx_unicode_literals
    Feature record: CXX_FEATURE:1cxx_uniform_initialization
    Feature record: CXX_FEATURE:1cxx_unrestricted_unions
    Feature record: CXX_FEATURE:1cxx_user_literals
    Feature record: CXX_FEATURE:1cxx_variable_templates
    Feature record: CXX_FEATURE:1cxx_variadic_macros
    Feature record: CXX_FEATURE:1cxx_variadic_templates


Detecting CXX [-std=c++14] compiler features compiled with the following output:
Change Dir: /home/tups/Desktop/kbcb/packages/debian/kbcb-0.0.1/kbcb-0.0.1/obj-x86_64-linux-gnu/CMakeFiles/CMakeTmp

Run Build Command:"/usr/bin/make" "cmTC_a877d/fast"
make[2]: Entering directory '/home/tups/Desktop/kbcb/packages/debian/kbcb-0.0.1/kbcb-0.0.1/obj-x86_64-linux-gnu/CMakeFiles/CMakeTmp'
/usr/bin/make -f CMakeFiles/cmTC_a877d.dir/build.make CMakeFiles/cmTC_a877d.dir/build
make[3]: Entering directory '/home/tups/Desktop/kbcb/packages/debian/kbcb-0.0.1/kbcb-0.0.1/obj-x86_64-linux-gnu/CMakeFiles/CMakeTmp'
Building CXX object CMakeFiles/cmTC_a877d.dir/feature_tests.cxx.o
/usr/bin/c++    -g -O2 -fdebug-prefix-map=/home/tups/Desktop/kbcb/packages/debian/kbcb-0.0.1/kbcb-0.0.1=. -fstack-protector-strong -Wformat -Werror=format-security -Wdate-time -D_FORTIFY_SOURCE=2    -std=c++14 -o CMakeFiles/cmTC_a877d.dir/feature_tests.cxx.o -c /home/tups/Desktop/kbcb/packages/debian/kbcb-0.0.1/kbcb-0.0.1/obj-x86_64-linux-gnu/CMakeFiles/feature_tests.cxx
Linking CXX executable cmTC_a877d
/usr/bin/cmake -E cmake_link_script CMakeFiles/cmTC_a877d.dir/link.txt --verbose=1
/usr/bin/c++  -g -O2 -fdebug-prefix-map=/home/tups/Desktop/kbcb/packages/debian/kbcb-0.0.1/kbcb-0.0.1=. -fstack-protector-strong -Wformat -Werror=format-security -Wdate-time -D_FORTIFY_SOURCE=2   -Wl,-z,relro  -rdynamic CMakeFiles/cmTC_a877d.dir/feature_tests.cxx.o  -o cmTC_a877d 
make[3]: Leaving directory '/home/tups/Desktop/kbcb/packages/debian/kbcb-0.0.1/kbcb-0.0.1/obj-x86_64-linux-gnu/CMakeFiles/CMakeTmp'
make[2]: Leaving directory '/home/tups/Desktop/kbcb/packages/debian/kbcb-0.0.1/kbcb-0.0.1/obj-x86_64-linux-gnu/CMakeFiles/CMakeTmp'


    Feature record: CXX_FEATURE:1cxx_aggregate_default_initializers
    Feature record: CXX_FEATURE:1cxx_alias_templates
    Feature record: CXX_FEATURE:1cxx_alignas
    Feature record: CXX_FEATURE:1cxx_alignof
    Feature record: CXX_FEATURE:1cxx_attributes
    Feature record: CXX_FEATURE:1cxx_attribute_deprecated
    Feature record: CXX_FEATURE:1cxx_auto_type
    Feature record: CXX_FEATURE:1cxx_binary_literals
    Feature record: CXX_FEATURE:1cxx_constexpr
    Feature record: CXX_FEATURE:1cxx_contextual_conversions
    Feature record: CXX_FEATURE:1cxx_decltype
    Feature record: CXX_FEATURE:1cxx_decltype_auto
    Feature record: CXX_FEATURE:1cxx_decltype_incomplete_return_types
    Feature record: CXX_FEATURE:1cxx_default_function_template_args
    Feature record: CXX_FEATURE:1cxx_defaulted_functions
    Feature record: CXX_FEATURE:1cxx_defaulted_move_initializers
    Feature record: CXX_FEATURE:1cxx_delegating_constructors
    Feature record: CXX_FEATURE:1cxx_deleted_functions
    Feature record: CXX_FEATURE:1cxx_digit_separators
    Feature record: CXX_FEATURE:1cxx_enum_forward_declarations
    Feature record: CXX_FEATURE:1cxx_explicit_conversions
    Feature record: CXX_FEATURE:1cxx_extended_friend_declarations
    Feature record: CXX_FEATURE:1cxx_extern_templates
    Feature record: CXX_FEATURE:1cxx_final
    Feature record: CXX_FEATURE:1cxx_func_identifier
    Feature record: CXX_FEATURE:1cxx_generalized_initializers
    Feature record: CXX_FEATURE:1cxx_generic_lambdas
    Feature record: CXX_FEATURE:1cxx_inheriting_constructors
    Feature record: CXX_FEATURE:1cxx_inline_namespaces
    Feature record: CXX_FEATURE:1cxx_lambdas
    Feature record: CXX_FEATURE:1cxx_lambda_init_captures
    Feature record: CXX_FEATURE:1cxx_local_type_template_args
    Feature record: CXX_FEATURE:1cxx_long_long_type
    Feature record: CXX_FEATURE:1cxx_noexcept
    Feature record: CXX_FEATURE:1cxx_nonstatic_member_init
    Feature record: CXX_FEATURE:1cxx_nullptr
    Feature record: CXX_FEATURE:1cxx_override
    Feature record: CXX_FEATURE:1cxx_range_for
    Feature record: CXX_FEATURE:1cxx_raw_string_literals
    Feature record: CXX_FEATURE:1cxx_reference_qualified_functions
    Feature record: CXX_FEATURE:1cxx_relaxed_constexpr
    Feature record: CXX_FEATURE:1cxx_return_type_deduction
    Feature record: CXX_FEATURE:1cxx_right_angle_brackets
    Feature record: CXX_FEATURE:1cxx_rvalue_references
    Feature record: CXX_FEATURE:1cxx_sizeof_member
    Feature record: CXX_FEATURE:1cxx_static_assert
    Feature record: CXX_FEATURE:1cxx_strong_enums
    Feature record: CXX_FEATURE:1cxx_template_template_parameters
    Feature record: CXX_FEATURE:1cxx_thread_local
    Feature record: CXX_FEATURE:1cxx_trailing_return_types
    Feature record: CXX_FEATURE:1cxx_unicode_literals
    Feature record: CXX_FEATURE:1cxx_uniform_initialization
    Feature record: CXX_FEATURE:1cxx_unrestricted_unions
    Feature record: CXX_FEATURE:1cxx_user_literals
    Feature record: CXX_FEATURE:1cxx_variable_templates
    Feature record: CXX_FEATURE:1cxx_variadic_macros
    Feature record: CXX_FEATURE:1cxx_variadic_templates


Detecting CXX [-std=c++11] compiler features compiled with the following output:
Change Dir: /home/tups/Desktop/kbcb/packages/debian/kbcb-0.0.1/kbcb-0.0.1/obj-x86_64-linux-gnu/CMakeFiles/CMakeTmp

Run Build Command:"/usr/bin/make" "cmTC_f37a1/fast"
make[2]: Entering directory '/home/tups/Desktop/kbcb/packages/debian/kbcb-0.0.1/kbcb-0.0.1/obj-x86_64-linux-gnu/CMakeFiles/CMakeTmp'
/usr/bin/make -f CMakeFiles/cmTC_f37a1.dir/build.make CMakeFiles/cmTC_f37a1.dir/build
make[3]: Entering directory '/home/tups/Desktop/kbcb/packages/debian/kbcb-0.0.1/kbcb-0.0.1/obj-x86_64-linux-gnu/CMakeFiles/CMakeTmp'
Building CXX object CMakeFiles/cmTC_f37a1.dir/feature_tests.cxx.o
/usr/bin/c++    -g -O2 -fdebug-prefix-map=/home/tups/Desktop/kbcb/packages/debian/kbcb-0.0.1/kbcb-0.0.1=. -fstack-protector-strong -Wformat -Werror=format-security -Wdate-time -D_FORTIFY_SOURCE=2    -std=c++11 -o CMakeFiles/cmTC_f37a1.dir/feature_tests.cxx.o -c /home/tups/Desktop/kbcb/packages/debian/kbcb-0.0.1/kbcb-0.0.1/obj-x86_64-linux-gnu/CMakeFiles/feature_tests.cxx
Linking CXX executable cmTC_f37a1
/usr/bin/cmake -E cmake_link_script CMakeFiles/cmTC_f37a1.dir/link.txt --verbose=1
/usr/bin/c++  -g -O2 -fdebug-prefix-map=/home/tups/Desktop/kbcb/packages/debian/kbcb-0.0.1/kbcb-0.0.1=. -fstack-protector-strong -Wformat -Werror=format-security -Wdate-time -D_FORTIFY_SOURCE=2   -Wl,-z,relro  -rdynamic CMakeFiles/cmTC_f37a1.dir/feature_tests.cxx.o  -o cmTC_f37a1 
make[3]: Leaving directory '/home/tups/Desktop/kbcb/packages/debian/kbcb-0.0.1/kbcb-0.0.1/obj-x86_64-linux-gnu/CMakeFiles/CMakeTmp'
make[2]: Leaving directory '/home/tups/Desktop/kbcb/packages/debian/kbcb-0.0.1/kbcb-0.0.1/obj-x86_64-linux-gnu/CMakeFiles/CMakeTmp'


    Feature record: CXX_FEATURE:0cxx_aggregate_default_initializers
    Feature record: CXX_FEATURE:1cxx_alias_templates
    Feature record: CXX_FEATURE:1cxx_alignas
    Feature record: CXX_FEATURE:1cxx_alignof
    Feature record: CXX_FEATURE:1cxx_attributes
    Feature record: CXX_FEATURE:0cxx_attribute_deprecated
    Feature record: CXX_FEATURE:1cxx_auto_type
    Feature record: CXX_FEATURE:0cxx_binary_literals
    Feature record: CXX_FEATURE:1cxx_constexpr
    Feature record: CXX_FEATURE:0cxx_contextual_conversions
    Feature record: CXX_FEATURE:1cxx_decltype
    Feature record: CXX_FEATURE:0cxx_decltype_auto
    Feature record: CXX_FEATURE:1cxx_decltype_incomplete_return_types
    Feature record: CXX_FEATURE:1cxx_default_function_template_args
    Feature record: CXX_FEATURE:1cxx_defaulted_functions
    Feature record: CXX_FEATURE:1cxx_defaulted_move_initializers
    Feature record: CXX_FEATURE:1cxx_delegating_constructors
    Feature record: CXX_FEATURE:1cxx_deleted_functions
    Feature record: CXX_FEATURE:0cxx_digit_separators
    Feature record: CXX_FEATURE:1cxx_enum_forward_declarations
    Feature record: CXX_FEATURE:1cxx_explicit_conversions
    Feature record: CXX_FEATURE:1cxx_extended_friend_declarations
    Feature record: CXX_FEATURE:1cxx_extern_templates
    Feature record: CXX_FEATURE:1cxx_final
    Feature record: CXX_FEATURE:1cxx_func_identifier
    Feature record: CXX_FEATURE:1cxx_generalized_initializers
    Feature record: CXX_FEATURE:0cxx_generic_lambdas
    Feature record: CXX_FEATURE:1cxx_inheriting_constructors
    Feature record: CXX_FEATURE:1cxx_inline_namespaces
    Feature record: CXX_FEATURE:1cxx_lambdas
    Feature record: CXX_FEATURE:0cxx_lambda_init_captures
    Feature record: CXX_FEATURE:1cxx_local_type_template_args
    Feature record: CXX_FEATURE:1cxx_long_long_type
    Feature record: CXX_FEATURE:1cxx_noexcept
    Feature record: CXX_FEATURE:1cxx_nonstatic_member_init
    Feature record: CXX_FEATURE:1cxx_nullptr
    Feature record: CXX_FEATURE:1cxx_override
    Feature record: CXX_FEATURE:1cxx_range_for
    Feature record: CXX_FEATURE:1cxx_raw_string_literals
    Feature record: CXX_FEATURE:1cxx_reference_qualified_functions
    Feature record: CXX_FEATURE:0cxx_relaxed_constexpr
    Feature record: CXX_FEATURE:0cxx_return_type_deduction
    Feature record: CXX_FEATURE:1cxx_right_angle_brackets
    Feature record: CXX_FEATURE:1cxx_rvalue_references
    Feature record: CXX_FEATURE:1cxx_sizeof_member
    Feature record: CXX_FEATURE:1cxx_static_assert
    Feature record: CXX_FEATURE:1cxx_strong_enums
    Feature record: CXX_FEATURE:1cxx_template_template_parameters
    Feature record: CXX_FEATURE:1cxx_thread_local
    Feature record: CXX_FEATURE:1cxx_trailing_return_types
    Feature record: CXX_FEATURE:1cxx_unicode_literals
    Feature record: CXX_FEATURE:1cxx_uniform_initialization
    Feature record: CXX_FEATURE:1cxx_unrestricted_unions
    Feature record: CXX_FEATURE:1cxx_user_literals
    Feature record: CXX_FEATURE:0cxx_variable_templates
    Feature record: CXX_FEATURE:1cxx_variadic_macros
    Feature record: CXX_FEATURE:1cxx_variadic_templates


Detecting CXX [-std=c++98] compiler features compiled with the following output:
Change Dir: /home/tups/Desktop/kbcb/packages/debian/kbcb-0.0.1/kbcb-0.0.1/obj-x86_64-linux-gnu/CMakeFiles/CMakeTmp

Run Build Command:"/usr/bin/make" "cmTC_86959/fast"
make[2]: Entering directory '/home/tups/Desktop/kbcb/packages/debian/kbcb-0.0.1/kbcb-0.0.1/obj-x86_64-linux-gnu/CMakeFiles/CMakeTmp'
/usr/bin/make -f CMakeFiles/cmTC_86959.dir/build.make CMakeFiles/cmTC_86959.dir/build
make[3]: Entering directory '/home/tups/Desktop/kbcb/packages/debian/kbcb-0.0.1/kbcb-0.0.1/obj-x86_64-linux-gnu/CMakeFiles/CMakeTmp'
Building CXX object CMakeFiles/cmTC_86959.dir/feature_tests.cxx.o
/usr/bin/c++    -g -O2 -fdebug-prefix-map=/home/tups/Desktop/kbcb/packages/debian/kbcb-0.0.1/kbcb-0.0.1=. -fstack-protector-strong -Wformat -Werror=format-security -Wdate-time -D_FORTIFY_SOURCE=2    -std=c++98 -o CMakeFiles/cmTC_86959.dir/feature_tests.cxx.o -c /home/tups/Desktop/kbcb/packages/debian/kbcb-0.0.1/kbcb-0.0.1/obj-x86_64-linux-gnu/CMakeFiles/feature_tests.cxx
Linking CXX executable cmTC_86959
/usr/bin/cmake -E cmake_link_script CMakeFiles/cmTC_86959.dir/link.txt --verbose=1
/usr/bin/c++  -g -O2 -fdebug-prefix-map=/home/tups/Desktop/kbcb/packages/debian/kbcb-0.0.1/kbcb-0.0.1=. -fstack-protector-strong -Wformat -Werror=format-security -Wdate-time -D_FORTIFY_SOURCE=2   -Wl,-z,relro  -rdynamic CMakeFiles/cmTC_86959.dir/feature_tests.cxx.o  -o cmTC_86959 
make[3]: Leaving directory '/home/tups/Desktop/kbcb/packages/debian/kbcb-0.0.1/kbcb-0.0.1/obj-x86_64-linux-gnu/CMakeFiles/CMakeTmp'
make[2]: Leaving directory '/home/tups/Desktop/kbcb/packages/debian/kbcb-0.0.1/kbcb-0.0.1/obj-x86_64-linux-gnu/CMakeFiles/CMakeTmp'


    Feature record: CXX_FEATURE:0cxx_aggregate_default_initializers
    Feature record: CXX_FEATURE:0cxx_alias_templates
    Feature record: CXX_FEATURE:0cxx_alignas
    Feature record: CXX_FEATURE:0cxx_alignof
    Feature record: CXX_FEATURE:0cxx_attributes
    Feature record: CXX_FEATURE:0cxx_attribute_deprecated
    Feature record: CXX_FEATURE:0cxx_auto_type
    Feature record: CXX_FEATURE:0cxx_binary_literals
    Feature record: CXX_FEATURE:0cxx_constexpr
    Feature record: CXX_FEATURE:0cxx_contextual_conversions
    Feature record: CXX_FEATURE:0cxx_decltype
    Feature record: CXX_FEATURE:0cxx_decltype_auto
    Feature record: CXX_FEATURE:0cxx_decltype_incomplete_return_types
    Feature record: CXX_FEATURE:0cxx_default_function_template_args
    Feature record: CXX_FEATURE:0cxx_defaulted_functions
    Feature record: CXX_FEATURE:0cxx_defaulted_move_initializers
    Feature record: CXX_FEATURE:0cxx_delegating_constructors
    Feature record: CXX_FEATURE:0cxx_deleted_functions
    Feature record: CXX_FEATURE:0cxx_digit_separators
    Feature record: CXX_FEATURE:0cxx_enum_forward_declarations
    Feature record: CXX_FEATURE:0cxx_explicit_conversions
    Feature record: CXX_FEATURE:0cxx_extended_friend_declarations
    Feature record: CXX_FEATURE:0cxx_extern_templates
    Feature record: CXX_FEATURE:0cxx_final
    Feature record: CXX_FEATURE:0cxx_func_identifier
    Feature record: CXX_FEATURE:0cxx_generalized_initializers
    Feature record: CXX_FEATURE:0cxx_generic_lambdas
    Feature record: CXX_FEATURE:0cxx_inheriting_constructors
    Feature record: CXX_FEATURE:0cxx_inline_namespaces
    Feature record: CXX_FEATURE:0cxx_lambdas
    Feature record: CXX_FEATURE:0cxx_lambda_init_captures
    Feature record: CXX_FEATURE:0cxx_local_type_template_args
    Feature record: CXX_FEATURE:0cxx_long_long_type
    Feature record: CXX_FEATURE:0cxx_noexcept
    Feature record: CXX_FEATURE:0cxx_nonstatic_member_init
    Feature record: CXX_FEATURE:0cxx_nullptr
    Feature record: CXX_FEATURE:0cxx_override
    Feature record: CXX_FEATURE:0cxx_range_for
    Feature record: CXX_FEATURE:0cxx_raw_string_literals
    Feature record: CXX_FEATURE:0cxx_reference_qualified_functions
    Feature record: CXX_FEATURE:0cxx_relaxed_constexpr
    Feature record: CXX_FEATURE:0cxx_return_type_deduction
    Feature record: CXX_FEATURE:0cxx_right_angle_brackets
    Feature record: CXX_FEATURE:0cxx_rvalue_references
    Feature record: CXX_FEATURE:0cxx_sizeof_member
    Feature record: CXX_FEATURE:0cxx_static_assert
    Feature record: CXX_FEATURE:0cxx_strong_enums
    Feature record: CXX_FEATURE:1cxx_template_template_parameters
    Feature record: CXX_FEATURE:0cxx_thread_local
    Feature record: CXX_FEATURE:0cxx_trailing_return_types
    Feature record: CXX_FEATURE:0cxx_unicode_literals
    Feature record: CXX_FEATURE:0cxx_uniform_initialization
    Feature record: CXX_FEATURE:0cxx_unrestricted_unions
    Feature record: CXX_FEATURE:0cxx_user_literals
    Feature record: CXX_FEATURE:0cxx_variable_templates
    Feature record: CXX_FEATURE:0cxx_variadic_macros
    Feature record: CXX_FEATURE:0cxx_variadic_templates
